CRITICAL - 2022-05-03 13:42:58 --> Class 'App\Controllers\HargaModel' not found
#0 D:\xampp\htdocs\si-futsal\vendor\codeigniter4\framework\system\CodeIgniter.php(832): App\Controllers\Profil->index()
#1 D:\xampp\htdocs\si-futsal\vendor\codeigniter4\framework\system\CodeIgniter.php(419): CodeIgniter\CodeIgniter->runController(Object(App\Controllers\Profil))
#2 D:\xampp\htdocs\si-futsal\vendor\codeigniter4\framework\system\CodeIgniter.php(326): CodeIgniter\CodeIgniter->handleRequest(NULL, Object(Config\Cache), false)
#3 D:\xampp\htdocs\si-futsal\public\index.php(37): CodeIgniter\CodeIgniter->run()
#4 {main}
CRITICAL - 2022-05-03 13:43:03 --> Class 'App\Controllers\HargaModel' not found
#0 D:\xampp\htdocs\si-futsal\vendor\codeigniter4\framework\system\CodeIgniter.php(832): App\Controllers\Profil->index()
#1 D:\xampp\htdocs\si-futsal\vendor\codeigniter4\framework\system\CodeIgniter.php(419): CodeIgniter\CodeIgniter->runController(Object(App\Controllers\Profil))
#2 D:\xampp\htdocs\si-futsal\vendor\codeigniter4\framework\system\CodeIgniter.php(326): CodeIgniter\CodeIgniter->handleRequest(NULL, Object(Config\Cache), false)
#3 D:\xampp\htdocs\si-futsal\public\index.php(37): CodeIgniter\CodeIgniter->run()
#4 {main}
ERROR - 2022-05-03 22:35:26 --> Column 'id_users' in where clause is ambiguous
CRITICAL - 2022-05-03 22:35:26 --> Call to a member function getResult() on bool
#0 D:\xampp\htdocs\si-futsal\app\Controllers\Profil.php(19): App\Models\IdentitasModel->join_where_spc('id_users', '2')
#1 D:\xampp\htdocs\si-futsal\vendor\codeigniter4\framework\system\CodeIgniter.php(832): App\Controllers\Profil->index()
#2 D:\xampp\htdocs\si-futsal\vendor\codeigniter4\framework\system\CodeIgniter.php(419): CodeIgniter\CodeIgniter->runController(Object(App\Controllers\Profil))
#3 D:\xampp\htdocs\si-futsal\vendor\codeigniter4\framework\system\CodeIgniter.php(326): CodeIgniter\CodeIgniter->handleRequest(NULL, Object(Config\Cache), false)
#4 D:\xampp\htdocs\si-futsal\public\index.php(37): CodeIgniter\CodeIgniter->run()
#5 {main}
ERROR - 2022-05-03 22:35:38 --> Column 'id_users' in where clause is ambiguous
CRITICAL - 2022-05-03 22:35:38 --> Call to a member function getResult() on bool
#0 D:\xampp\htdocs\si-futsal\app\Controllers\Profil.php(19): App\Models\IdentitasModel->join_where_spc('id_users', '2')
#1 D:\xampp\htdocs\si-futsal\vendor\codeigniter4\framework\system\CodeIgniter.php(832): App\Controllers\Profil->index()
#2 D:\xampp\htdocs\si-futsal\vendor\codeigniter4\framework\system\CodeIgniter.php(419): CodeIgniter\CodeIgniter->runController(Object(App\Controllers\Profil))
#3 D:\xampp\htdocs\si-futsal\vendor\codeigniter4\framework\system\CodeIgniter.php(326): CodeIgniter\CodeIgniter->handleRequest(NULL, Object(Config\Cache), false)
#4 D:\xampp\htdocs\si-futsal\public\index.php(37): CodeIgniter\CodeIgniter->run()
#5 {main}
ERROR - 2022-05-03 22:35:38 --> Column 'id_users' in where clause is ambiguous
CRITICAL - 2022-05-03 22:35:38 --> Call to a member function getResult() on bool
#0 D:\xampp\htdocs\si-futsal\app\Controllers\Profil.php(19): App\Models\IdentitasModel->join_where_spc('id_users', '2')
#1 D:\xampp\htdocs\si-futsal\vendor\codeigniter4\framework\system\CodeIgniter.php(832): App\Controllers\Profil->index()
#2 D:\xampp\htdocs\si-futsal\vendor\codeigniter4\framework\system\CodeIgniter.php(419): CodeIgniter\CodeIgniter->runController(Object(App\Controllers\Profil))
#3 D:\xampp\htdocs\si-futsal\vendor\codeigniter4\framework\system\CodeIgniter.php(326): CodeIgniter\CodeIgniter->handleRequest(NULL, Object(Config\Cache), false)
#4 D:\xampp\htdocs\si-futsal\public\index.php(37): CodeIgniter\CodeIgniter->run()
#5 {main}
ERROR - 2022-05-03 22:35:39 --> Column 'id_users' in where clause is ambiguous
CRITICAL - 2022-05-03 22:35:39 --> Call to a member function getResult() on bool
#0 D:\xampp\htdocs\si-futsal\app\Controllers\Profil.php(19): App\Models\IdentitasModel->join_where_spc('id_users', '2')
#1 D:\xampp\htdocs\si-futsal\vendor\codeigniter4\framework\system\CodeIgniter.php(832): App\Controllers\Profil->index()
#2 D:\xampp\htdocs\si-futsal\vendor\codeigniter4\framework\system\CodeIgniter.php(419): CodeIgniter\CodeIgniter->runController(Object(App\Controllers\Profil))
#3 D:\xampp\htdocs\si-futsal\vendor\codeigniter4\framework\system\CodeIgniter.php(326): CodeIgniter\CodeIgniter->handleRequest(NULL, Object(Config\Cache), false)
#4 D:\xampp\htdocs\si-futsal\public\index.php(37): CodeIgniter\CodeIgniter->run()
#5 {main}
ERROR - 2022-05-03 22:35:52 --> Column 'id_users' in where clause is ambiguous
CRITICAL - 2022-05-03 22:35:52 --> Column 'id_users' in where clause is ambiguous
#0 D:\xampp\htdocs\si-futsal\vendor\codeigniter4\framework\system\Database\MySQLi\Connection.php(292): mysqli->query('SELECT *\nFROM `...', 0)
#1 D:\xampp\htdocs\si-futsal\vendor\codeigniter4\framework\system\Database\BaseConnection.php(670): CodeIgniter\Database\MySQLi\Connection->execute('SELECT *\nFROM `...')
#2 D:\xampp\htdocs\si-futsal\vendor\codeigniter4\framework\system\Database\BaseConnection.php(598): CodeIgniter\Database\BaseConnection->simpleQuery('SELECT *\nFROM `...')
#3 D:\xampp\htdocs\si-futsal\vendor\codeigniter4\framework\system\Database\BaseBuilder.php(1455): CodeIgniter\Database\BaseConnection->query('SELECT *\nFROM `...', Array, false)
#4 D:\xampp\htdocs\si-futsal\app\Models\IdentitasModel.php(54): CodeIgniter\Database\BaseBuilder->get()
#5 D:\xampp\htdocs\si-futsal\app\Controllers\Profil.php(19): App\Models\IdentitasModel->join_where_spc('id_users', '2')
#6 D:\xampp\htdocs\si-futsal\vendor\codeigniter4\framework\system\CodeIgniter.php(832): App\Controllers\Profil->index()
#7 D:\xampp\htdocs\si-futsal\vendor\codeigniter4\framework\system\CodeIgniter.php(419): CodeIgniter\CodeIgniter->runController(Object(App\Controllers\Profil))
#8 D:\xampp\htdocs\si-futsal\vendor\codeigniter4\framework\system\CodeIgniter.php(326): CodeIgniter\CodeIgniter->handleRequest(NULL, Object(Config\Cache), false)
#9 D:\xampp\htdocs\si-futsal\public\index.php(37): CodeIgniter\CodeIgniter->run()
#10 {main}
CRITICAL - 2022-05-03 22:37:18 --> Use of undefined constant id_users - assumed 'id_users' (this will throw an Error in a future version of PHP)
#0 D:\xampp\htdocs\si-futsal\app\Controllers\Profil.php(19): CodeIgniter\Debug\Exceptions->errorHandler(2, 'Use of undefine...', 'D:\\xampp\\htdocs...', 19, Array)
#1 D:\xampp\htdocs\si-futsal\vendor\codeigniter4\framework\system\CodeIgniter.php(832): App\Controllers\Profil->index()
#2 D:\xampp\htdocs\si-futsal\vendor\codeigniter4\framework\system\CodeIgniter.php(419): CodeIgniter\CodeIgniter->runController(Object(App\Controllers\Profil))
#3 D:\xampp\htdocs\si-futsal\vendor\codeigniter4\framework\system\CodeIgniter.php(326): CodeIgniter\CodeIgniter->handleRequest(NULL, Object(Config\Cache), false)
#4 D:\xampp\htdocs\si-futsal\public\index.php(37): CodeIgniter\CodeIgniter->run()
#5 {main}
CRITICAL - 2022-05-03 22:37:18 --> Use of undefined constant id_users - assumed 'id_users' (this will throw an Error in a future version of PHP)
#0 D:\xampp\htdocs\si-futsal\app\Controllers\Profil.php(19): CodeIgniter\Debug\Exceptions->errorHandler(2, 'Use of undefine...', 'D:\\xampp\\htdocs...', 19, Array)
#1 D:\xampp\htdocs\si-futsal\vendor\codeigniter4\framework\system\CodeIgniter.php(832): App\Controllers\Profil->index()
#2 D:\xampp\htdocs\si-futsal\vendor\codeigniter4\framework\system\CodeIgniter.php(419): CodeIgniter\CodeIgniter->runController(Object(App\Controllers\Profil))
#3 D:\xampp\htdocs\si-futsal\vendor\codeigniter4\framework\system\CodeIgniter.php(326): CodeIgniter\CodeIgniter->handleRequest(NULL, Object(Config\Cache), false)
#4 D:\xampp\htdocs\si-futsal\public\index.php(37): CodeIgniter\CodeIgniter->run()
#5 {main}
ERROR - 2022-05-03 22:37:30 --> Column 'id_users' in where clause is ambiguous
CRITICAL - 2022-05-03 22:37:30 --> Column 'id_users' in where clause is ambiguous
#0 D:\xampp\htdocs\si-futsal\vendor\codeigniter4\framework\system\Database\MySQLi\Connection.php(292): mysqli->query('SELECT *\nFROM `...', 0)
#1 D:\xampp\htdocs\si-futsal\vendor\codeigniter4\framework\system\Database\BaseConnection.php(670): CodeIgniter\Database\MySQLi\Connection->execute('SELECT *\nFROM `...')
#2 D:\xampp\htdocs\si-futsal\vendor\codeigniter4\framework\system\Database\BaseConnection.php(598): CodeIgniter\Database\BaseConnection->simpleQuery('SELECT *\nFROM `...')
#3 D:\xampp\htdocs\si-futsal\vendor\codeigniter4\framework\system\Database\BaseBuilder.php(1455): CodeIgniter\Database\BaseConnection->query('SELECT *\nFROM `...', Array, false)
#4 D:\xampp\htdocs\si-futsal\app\Models\IdentitasModel.php(54): CodeIgniter\Database\BaseBuilder->get()
#5 D:\xampp\htdocs\si-futsal\app\Controllers\Profil.php(19): App\Models\IdentitasModel->join_where_spc('id_users', 1)
#6 D:\xampp\htdocs\si-futsal\vendor\codeigniter4\framework\system\CodeIgniter.php(832): App\Controllers\Profil->index()
#7 D:\xampp\htdocs\si-futsal\vendor\codeigniter4\framework\system\CodeIgniter.php(419): CodeIgniter\CodeIgniter->runController(Object(App\Controllers\Profil))
#8 D:\xampp\htdocs\si-futsal\vendor\codeigniter4\framework\system\CodeIgniter.php(326): CodeIgniter\CodeIgniter->handleRequest(NULL, Object(Config\Cache), false)
#9 D:\xampp\htdocs\si-futsal\public\index.php(37): CodeIgniter\CodeIgniter->run()
#10 {main}
ERROR - 2022-05-03 22:38:38 --> Column 'id_users' in where clause is ambiguous
CRITICAL - 2022-05-03 22:38:38 --> Column 'id_users' in where clause is ambiguous
#0 D:\xampp\htdocs\si-futsal\vendor\codeigniter4\framework\system\Database\MySQLi\Connection.php(292): mysqli->query('SELECT *\nFROM `...', 0)
#1 D:\xampp\htdocs\si-futsal\vendor\codeigniter4\framework\system\Database\BaseConnection.php(670): CodeIgniter\Database\MySQLi\Connection->execute('SELECT *\nFROM `...')
#2 D:\xampp\htdocs\si-futsal\vendor\codeigniter4\framework\system\Database\BaseConnection.php(598): CodeIgniter\Database\BaseConnection->simpleQuery('SELECT *\nFROM `...')
#3 D:\xampp\htdocs\si-futsal\vendor\codeigniter4\framework\system\Database\BaseBuilder.php(1455): CodeIgniter\Database\BaseConnection->query('SELECT *\nFROM `...', Array, false)
#4 D:\xampp\htdocs\si-futsal\app\Models\IdentitasModel.php(54): CodeIgniter\Database\BaseBuilder->get()
#5 D:\xampp\htdocs\si-futsal\app\Controllers\Profil.php(19): App\Models\IdentitasModel->join_where_spc('id_users', 1)
#6 D:\xampp\htdocs\si-futsal\vendor\codeigniter4\framework\system\CodeIgniter.php(832): App\Controllers\Profil->index()
#7 D:\xampp\htdocs\si-futsal\vendor\codeigniter4\framework\system\CodeIgniter.php(419): CodeIgniter\CodeIgniter->runController(Object(App\Controllers\Profil))
#8 D:\xampp\htdocs\si-futsal\vendor\codeigniter4\framework\system\CodeIgniter.php(326): CodeIgniter\CodeIgniter->handleRequest(NULL, Object(Config\Cache), false)
#9 D:\xampp\htdocs\si-futsal\public\index.php(37): CodeIgniter\CodeIgniter->run()
#10 {main}
ERROR - 2022-05-03 22:39:11 --> Column 'id_users' in where clause is ambiguous
CRITICAL - 2022-05-03 22:39:11 --> Column 'id_users' in where clause is ambiguous
#0 D:\xampp\htdocs\si-futsal\vendor\codeigniter4\framework\system\Database\MySQLi\Connection.php(292): mysqli->query('SELECT *\nFROM `...', 0)
#1 D:\xampp\htdocs\si-futsal\vendor\codeigniter4\framework\system\Database\BaseConnection.php(670): CodeIgniter\Database\MySQLi\Connection->execute('SELECT *\nFROM `...')
#2 D:\xampp\htdocs\si-futsal\vendor\codeigniter4\framework\system\Database\BaseConnection.php(598): CodeIgniter\Database\BaseConnection->simpleQuery('SELECT *\nFROM `...')
#3 D:\xampp\htdocs\si-futsal\vendor\codeigniter4\framework\system\Database\BaseBuilder.php(1455): CodeIgniter\Database\BaseConnection->query('SELECT *\nFROM `...', Array, false)
#4 D:\xampp\htdocs\si-futsal\app\Models\IdentitasModel.php(54): CodeIgniter\Database\BaseBuilder->get()
#5 D:\xampp\htdocs\si-futsal\app\Controllers\Profil.php(19): App\Models\IdentitasModel->join_where_spc('id_users', 1)
#6 D:\xampp\htdocs\si-futsal\vendor\codeigniter4\framework\system\CodeIgniter.php(832): App\Controllers\Profil->index()
#7 D:\xampp\htdocs\si-futsal\vendor\codeigniter4\framework\system\CodeIgniter.php(419): CodeIgniter\CodeIgniter->runController(Object(App\Controllers\Profil))
#8 D:\xampp\htdocs\si-futsal\vendor\codeigniter4\framework\system\CodeIgniter.php(326): CodeIgniter\CodeIgniter->handleRequest(NULL, Object(Config\Cache), false)
#9 D:\xampp\htdocs\si-futsal\public\index.php(37): CodeIgniter\CodeIgniter->run()
#10 {main}
ERROR - 2022-05-03 22:39:25 --> Column 'id_users' in where clause is ambiguous
CRITICAL - 2022-05-03 22:39:25 --> Column 'id_users' in where clause is ambiguous
#0 D:\xampp\htdocs\si-futsal\vendor\codeigniter4\framework\system\Database\MySQLi\Connection.php(292): mysqli->query('SELECT *\nFROM `...', 0)
#1 D:\xampp\htdocs\si-futsal\vendor\codeigniter4\framework\system\Database\BaseConnection.php(670): CodeIgniter\Database\MySQLi\Connection->execute('SELECT *\nFROM `...')
#2 D:\xampp\htdocs\si-futsal\vendor\codeigniter4\framework\system\Database\BaseConnection.php(598): CodeIgniter\Database\BaseConnection->simpleQuery('SELECT *\nFROM `...')
#3 D:\xampp\htdocs\si-futsal\vendor\codeigniter4\framework\system\Database\BaseBuilder.php(1455): CodeIgniter\Database\BaseConnection->query('SELECT *\nFROM `...', Array, false)
#4 D:\xampp\htdocs\si-futsal\app\Models\IdentitasModel.php(54): CodeIgniter\Database\BaseBuilder->get()
#5 D:\xampp\htdocs\si-futsal\app\Controllers\Profil.php(20): App\Models\IdentitasModel->join_where_spc('id_users', 1)
#6 D:\xampp\htdocs\si-futsal\vendor\codeigniter4\framework\system\CodeIgniter.php(832): App\Controllers\Profil->index()
#7 D:\xampp\htdocs\si-futsal\vendor\codeigniter4\framework\system\CodeIgniter.php(419): CodeIgniter\CodeIgniter->runController(Object(App\Controllers\Profil))
#8 D:\xampp\htdocs\si-futsal\vendor\codeigniter4\framework\system\CodeIgniter.php(326): CodeIgniter\CodeIgniter->handleRequest(NULL, Object(Config\Cache), false)
#9 D:\xampp\htdocs\si-futsal\public\index.php(37): CodeIgniter\CodeIgniter->run()
#10 {main}
ERROR - 2022-05-03 22:39:26 --> Column 'id_users' in where clause is ambiguous
CRITICAL - 2022-05-03 22:39:26 --> Column 'id_users' in where clause is ambiguous
#0 D:\xampp\htdocs\si-futsal\vendor\codeigniter4\framework\system\Database\MySQLi\Connection.php(292): mysqli->query('SELECT *\nFROM `...', 0)
#1 D:\xampp\htdocs\si-futsal\vendor\codeigniter4\framework\system\Database\BaseConnection.php(670): CodeIgniter\Database\MySQLi\Connection->execute('SELECT *\nFROM `...')
#2 D:\xampp\htdocs\si-futsal\vendor\codeigniter4\framework\system\Database\BaseConnection.php(598): CodeIgniter\Database\BaseConnection->simpleQuery('SELECT *\nFROM `...')
#3 D:\xampp\htdocs\si-futsal\vendor\codeigniter4\framework\system\Database\BaseBuilder.php(1455): CodeIgniter\Database\BaseConnection->query('SELECT *\nFROM `...', Array, false)
#4 D:\xampp\htdocs\si-futsal\app\Models\IdentitasModel.php(54): CodeIgniter\Database\BaseBuilder->get()
#5 D:\xampp\htdocs\si-futsal\app\Controllers\Profil.php(20): App\Models\IdentitasModel->join_where_spc('id_users', 1)
#6 D:\xampp\htdocs\si-futsal\vendor\codeigniter4\framework\system\CodeIgniter.php(832): App\Controllers\Profil->index()
#7 D:\xampp\htdocs\si-futsal\vendor\codeigniter4\framework\system\CodeIgniter.php(419): CodeIgniter\CodeIgniter->runController(Object(App\Controllers\Profil))
#8 D:\xampp\htdocs\si-futsal\vendor\codeigniter4\framework\system\CodeIgniter.php(326): CodeIgniter\CodeIgniter->handleRequest(NULL, Object(Config\Cache), false)
#9 D:\xampp\htdocs\si-futsal\public\index.php(37): CodeIgniter\CodeIgniter->run()
#10 {main}
ERROR - 2022-05-03 22:39:26 --> Column 'id_users' in where clause is ambiguous
CRITICAL - 2022-05-03 22:39:26 --> Column 'id_users' in where clause is ambiguous
#0 D:\xampp\htdocs\si-futsal\vendor\codeigniter4\framework\system\Database\MySQLi\Connection.php(292): mysqli->query('SELECT *\nFROM `...', 0)
#1 D:\xampp\htdocs\si-futsal\vendor\codeigniter4\framework\system\Database\BaseConnection.php(670): CodeIgniter\Database\MySQLi\Connection->execute('SELECT *\nFROM `...')
#2 D:\xampp\htdocs\si-futsal\vendor\codeigniter4\framework\system\Database\BaseConnection.php(598): CodeIgniter\Database\BaseConnection->simpleQuery('SELECT *\nFROM `...')
#3 D:\xampp\htdocs\si-futsal\vendor\codeigniter4\framework\system\Database\BaseBuilder.php(1455): CodeIgniter\Database\BaseConnection->query('SELECT *\nFROM `...', Array, false)
#4 D:\xampp\htdocs\si-futsal\app\Models\IdentitasModel.php(54): CodeIgniter\Database\BaseBuilder->get()
#5 D:\xampp\htdocs\si-futsal\app\Controllers\Profil.php(20): App\Models\IdentitasModel->join_where_spc('id_users', 1)
#6 D:\xampp\htdocs\si-futsal\vendor\codeigniter4\framework\system\CodeIgniter.php(832): App\Controllers\Profil->index()
#7 D:\xampp\htdocs\si-futsal\vendor\codeigniter4\framework\system\CodeIgniter.php(419): CodeIgniter\CodeIgniter->runController(Object(App\Controllers\Profil))
#8 D:\xampp\htdocs\si-futsal\vendor\codeigniter4\framework\system\CodeIgniter.php(326): CodeIgniter\CodeIgniter->handleRequest(NULL, Object(Config\Cache), false)
#9 D:\xampp\htdocs\si-futsal\public\index.php(37): CodeIgniter\CodeIgniter->run()
#10 {main}
ERROR - 2022-05-03 22:41:09 --> Column 'id_users' in where clause is ambiguous
CRITICAL - 2022-05-03 22:41:09 --> Column 'id_users' in where clause is ambiguous
#0 D:\xampp\htdocs\si-futsal\vendor\codeigniter4\framework\system\Database\MySQLi\Connection.php(292): mysqli->query('SELECT *\nFROM `...', 0)
#1 D:\xampp\htdocs\si-futsal\vendor\codeigniter4\framework\system\Database\BaseConnection.php(670): CodeIgniter\Database\MySQLi\Connection->execute('SELECT *\nFROM `...')
#2 D:\xampp\htdocs\si-futsal\vendor\codeigniter4\framework\system\Database\BaseConnection.php(598): CodeIgniter\Database\BaseConnection->simpleQuery('SELECT *\nFROM `...')
#3 D:\xampp\htdocs\si-futsal\vendor\codeigniter4\framework\system\Database\BaseBuilder.php(1455): CodeIgniter\Database\BaseConnection->query('SELECT *\nFROM `...', Array, false)
#4 D:\xampp\htdocs\si-futsal\app\Models\IdentitasModel.php(54): CodeIgniter\Database\BaseBuilder->get()
#5 D:\xampp\htdocs\si-futsal\app\Controllers\Profil.php(20): App\Models\IdentitasModel->join_profil_a('2')
#6 D:\xampp\htdocs\si-futsal\vendor\codeigniter4\framework\system\CodeIgniter.php(832): App\Controllers\Profil->index()
#7 D:\xampp\htdocs\si-futsal\vendor\codeigniter4\framework\system\CodeIgniter.php(419): CodeIgniter\CodeIgniter->runController(Object(App\Controllers\Profil))
#8 D:\xampp\htdocs\si-futsal\vendor\codeigniter4\framework\system\CodeIgniter.php(326): CodeIgniter\CodeIgniter->handleRequest(NULL, Object(Config\Cache), false)
#9 D:\xampp\htdocs\si-futsal\public\index.php(37): CodeIgniter\CodeIgniter->run()
#10 {main}
ERROR - 2022-05-03 22:41:10 --> Column 'id_users' in where clause is ambiguous
CRITICAL - 2022-05-03 22:41:10 --> Column 'id_users' in where clause is ambiguous
#0 D:\xampp\htdocs\si-futsal\vendor\codeigniter4\framework\system\Database\MySQLi\Connection.php(292): mysqli->query('SELECT *\nFROM `...', 0)
#1 D:\xampp\htdocs\si-futsal\vendor\codeigniter4\framework\system\Database\BaseConnection.php(670): CodeIgniter\Database\MySQLi\Connection->execute('SELECT *\nFROM `...')
#2 D:\xampp\htdocs\si-futsal\vendor\codeigniter4\framework\system\Database\BaseConnection.php(598): CodeIgniter\Database\BaseConnection->simpleQuery('SELECT *\nFROM `...')
#3 D:\xampp\htdocs\si-futsal\vendor\codeigniter4\framework\system\Database\BaseBuilder.php(1455): CodeIgniter\Database\BaseConnection->query('SELECT *\nFROM `...', Array, false)
#4 D:\xampp\htdocs\si-futsal\app\Models\IdentitasModel.php(54): CodeIgniter\Database\BaseBuilder->get()
#5 D:\xampp\htdocs\si-futsal\app\Controllers\Profil.php(20): App\Models\IdentitasModel->join_profil_a('2')
#6 D:\xampp\htdocs\si-futsal\vendor\codeigniter4\framework\system\CodeIgniter.php(832): App\Controllers\Profil->index()
#7 D:\xampp\htdocs\si-futsal\vendor\codeigniter4\framework\system\CodeIgniter.php(419): CodeIgniter\CodeIgniter->runController(Object(App\Controllers\Profil))
#8 D:\xampp\htdocs\si-futsal\vendor\codeigniter4\framework\system\CodeIgniter.php(326): CodeIgniter\CodeIgniter->handleRequest(NULL, Object(Config\Cache), false)
#9 D:\xampp\htdocs\si-futsal\public\index.php(37): CodeIgniter\CodeIgniter->run()
#10 {main}
ERROR - 2022-05-03 22:41:10 --> Column 'id_users' in where clause is ambiguous
CRITICAL - 2022-05-03 22:41:10 --> Column 'id_users' in where clause is ambiguous
#0 D:\xampp\htdocs\si-futsal\vendor\codeigniter4\framework\system\Database\MySQLi\Connection.php(292): mysqli->query('SELECT *\nFROM `...', 0)
#1 D:\xampp\htdocs\si-futsal\vendor\codeigniter4\framework\system\Database\BaseConnection.php(670): CodeIgniter\Database\MySQLi\Connection->execute('SELECT *\nFROM `...')
#2 D:\xampp\htdocs\si-futsal\vendor\codeigniter4\framework\system\Database\BaseConnection.php(598): CodeIgniter\Database\BaseConnection->simpleQuery('SELECT *\nFROM `...')
#3 D:\xampp\htdocs\si-futsal\vendor\codeigniter4\framework\system\Database\BaseBuilder.php(1455): CodeIgniter\Database\BaseConnection->query('SELECT *\nFROM `...', Array, false)
#4 D:\xampp\htdocs\si-futsal\app\Models\IdentitasModel.php(54): CodeIgniter\Database\BaseBuilder->get()
#5 D:\xampp\htdocs\si-futsal\app\Controllers\Profil.php(20): App\Models\IdentitasModel->join_profil_a('2')
#6 D:\xampp\htdocs\si-futsal\vendor\codeigniter4\framework\system\CodeIgniter.php(832): App\Controllers\Profil->index()
#7 D:\xampp\htdocs\si-futsal\vendor\codeigniter4\framework\system\CodeIgniter.php(419): CodeIgniter\CodeIgniter->runController(Object(App\Controllers\Profil))
#8 D:\xampp\htdocs\si-futsal\vendor\codeigniter4\framework\system\CodeIgniter.php(326): CodeIgniter\CodeIgniter->handleRequest(NULL, Object(Config\Cache), false)
#9 D:\xampp\htdocs\si-futsal\public\index.php(37): CodeIgniter\CodeIgniter->run()
#10 {main}
ERROR - 2022-05-03 22:41:10 --> Column 'id_users' in where clause is ambiguous
CRITICAL - 2022-05-03 22:41:10 --> Column 'id_users' in where clause is ambiguous
#0 D:\xampp\htdocs\si-futsal\vendor\codeigniter4\framework\system\Database\MySQLi\Connection.php(292): mysqli->query('SELECT *\nFROM `...', 0)
#1 D:\xampp\htdocs\si-futsal\vendor\codeigniter4\framework\system\Database\BaseConnection.php(670): CodeIgniter\Database\MySQLi\Connection->execute('SELECT *\nFROM `...')
#2 D:\xampp\htdocs\si-futsal\vendor\codeigniter4\framework\system\Database\BaseConnection.php(598): CodeIgniter\Database\BaseConnection->simpleQuery('SELECT *\nFROM `...')
#3 D:\xampp\htdocs\si-futsal\vendor\codeigniter4\framework\system\Database\BaseBuilder.php(1455): CodeIgniter\Database\BaseConnection->query('SELECT *\nFROM `...', Array, false)
#4 D:\xampp\htdocs\si-futsal\app\Models\IdentitasModel.php(54): CodeIgniter\Database\BaseBuilder->get()
#5 D:\xampp\htdocs\si-futsal\app\Controllers\Profil.php(20): App\Models\IdentitasModel->join_profil_a('2')
#6 D:\xampp\htdocs\si-futsal\vendor\codeigniter4\framework\system\CodeIgniter.php(832): App\Controllers\Profil->index()
#7 D:\xampp\htdocs\si-futsal\vendor\codeigniter4\framework\system\CodeIgniter.php(419): CodeIgniter\CodeIgniter->runController(Object(App\Controllers\Profil))
#8 D:\xampp\htdocs\si-futsal\vendor\codeigniter4\framework\system\CodeIgniter.php(326): CodeIgniter\CodeIgniter->handleRequest(NULL, Object(Config\Cache), false)
#9 D:\xampp\htdocs\si-futsal\public\index.php(37): CodeIgniter\CodeIgniter->run()
#10 {main}
ERROR - 2022-05-03 22:41:11 --> Column 'id_users' in where clause is ambiguous
CRITICAL - 2022-05-03 22:41:11 --> Column 'id_users' in where clause is ambiguous
#0 D:\xampp\htdocs\si-futsal\vendor\codeigniter4\framework\system\Database\MySQLi\Connection.php(292): mysqli->query('SELECT *\nFROM `...', 0)
#1 D:\xampp\htdocs\si-futsal\vendor\codeigniter4\framework\system\Database\BaseConnection.php(670): CodeIgniter\Database\MySQLi\Connection->execute('SELECT *\nFROM `...')
#2 D:\xampp\htdocs\si-futsal\vendor\codeigniter4\framework\system\Database\BaseConnection.php(598): CodeIgniter\Database\BaseConnection->simpleQuery('SELECT *\nFROM `...')
#3 D:\xampp\htdocs\si-futsal\vendor\codeigniter4\framework\system\Database\BaseBuilder.php(1455): CodeIgniter\Database\BaseConnection->query('SELECT *\nFROM `...', Array, false)
#4 D:\xampp\htdocs\si-futsal\app\Models\IdentitasModel.php(54): CodeIgniter\Database\BaseBuilder->get()
#5 D:\xampp\htdocs\si-futsal\app\Controllers\Profil.php(20): App\Models\IdentitasModel->join_profil_a('2')
#6 D:\xampp\htdocs\si-futsal\vendor\codeigniter4\framework\system\CodeIgniter.php(832): App\Controllers\Profil->index()
#7 D:\xampp\htdocs\si-futsal\vendor\codeigniter4\framework\system\CodeIgniter.php(419): CodeIgniter\CodeIgniter->runController(Object(App\Controllers\Profil))
#8 D:\xampp\htdocs\si-futsal\vendor\codeigniter4\framework\system\CodeIgniter.php(326): CodeIgniter\CodeIgniter->handleRequest(NULL, Object(Config\Cache), false)
#9 D:\xampp\htdocs\si-futsal\public\index.php(37): CodeIgniter\CodeIgniter->run()
#10 {main}
ERROR - 2022-05-03 22:41:11 --> Column 'id_users' in where clause is ambiguous
CRITICAL - 2022-05-03 22:41:11 --> Column 'id_users' in where clause is ambiguous
#0 D:\xampp\htdocs\si-futsal\vendor\codeigniter4\framework\system\Database\MySQLi\Connection.php(292): mysqli->query('SELECT *\nFROM `...', 0)
#1 D:\xampp\htdocs\si-futsal\vendor\codeigniter4\framework\system\Database\BaseConnection.php(670): CodeIgniter\Database\MySQLi\Connection->execute('SELECT *\nFROM `...')
#2 D:\xampp\htdocs\si-futsal\vendor\codeigniter4\framework\system\Database\BaseConnection.php(598): CodeIgniter\Database\BaseConnection->simpleQuery('SELECT *\nFROM `...')
#3 D:\xampp\htdocs\si-futsal\vendor\codeigniter4\framework\system\Database\BaseBuilder.php(1455): CodeIgniter\Database\BaseConnection->query('SELECT *\nFROM `...', Array, false)
#4 D:\xampp\htdocs\si-futsal\app\Models\IdentitasModel.php(54): CodeIgniter\Database\BaseBuilder->get()
#5 D:\xampp\htdocs\si-futsal\app\Controllers\Profil.php(20): App\Models\IdentitasModel->join_profil_a('2')
#6 D:\xampp\htdocs\si-futsal\vendor\codeigniter4\framework\system\CodeIgniter.php(832): App\Controllers\Profil->index()
#7 D:\xampp\htdocs\si-futsal\vendor\codeigniter4\framework\system\CodeIgniter.php(419): CodeIgniter\CodeIgniter->runController(Object(App\Controllers\Profil))
#8 D:\xampp\htdocs\si-futsal\vendor\codeigniter4\framework\system\CodeIgniter.php(326): CodeIgniter\CodeIgniter->handleRequest(NULL, Object(Config\Cache), false)
#9 D:\xampp\htdocs\si-futsal\public\index.php(37): CodeIgniter\CodeIgniter->run()
#10 {main}
ERROR - 2022-05-03 22:41:11 --> Column 'id_users' in where clause is ambiguous
CRITICAL - 2022-05-03 22:41:11 --> Column 'id_users' in where clause is ambiguous
#0 D:\xampp\htdocs\si-futsal\vendor\codeigniter4\framework\system\Database\MySQLi\Connection.php(292): mysqli->query('SELECT *\nFROM `...', 0)
#1 D:\xampp\htdocs\si-futsal\vendor\codeigniter4\framework\system\Database\BaseConnection.php(670): CodeIgniter\Database\MySQLi\Connection->execute('SELECT *\nFROM `...')
#2 D:\xampp\htdocs\si-futsal\vendor\codeigniter4\framework\system\Database\BaseConnection.php(598): CodeIgniter\Database\BaseConnection->simpleQuery('SELECT *\nFROM `...')
#3 D:\xampp\htdocs\si-futsal\vendor\codeigniter4\framework\system\Database\BaseBuilder.php(1455): CodeIgniter\Database\BaseConnection->query('SELECT *\nFROM `...', Array, false)
#4 D:\xampp\htdocs\si-futsal\app\Models\IdentitasModel.php(54): CodeIgniter\Database\BaseBuilder->get()
#5 D:\xampp\htdocs\si-futsal\app\Controllers\Profil.php(20): App\Models\IdentitasModel->join_profil_a('2')
#6 D:\xampp\htdocs\si-futsal\vendor\codeigniter4\framework\system\CodeIgniter.php(832): App\Controllers\Profil->index()
#7 D:\xampp\htdocs\si-futsal\vendor\codeigniter4\framework\system\CodeIgniter.php(419): CodeIgniter\CodeIgniter->runController(Object(App\Controllers\Profil))
#8 D:\xampp\htdocs\si-futsal\vendor\codeigniter4\framework\system\CodeIgniter.php(326): CodeIgniter\CodeIgniter->handleRequest(NULL, Object(Config\Cache), false)
#9 D:\xampp\htdocs\si-futsal\public\index.php(37): CodeIgniter\CodeIgniter->run()
#10 {main}
ERROR - 2022-05-03 22:41:11 --> Column 'id_users' in where clause is ambiguous
CRITICAL - 2022-05-03 22:41:11 --> Column 'id_users' in where clause is ambiguous
#0 D:\xampp\htdocs\si-futsal\vendor\codeigniter4\framework\system\Database\MySQLi\Connection.php(292): mysqli->query('SELECT *\nFROM `...', 0)
#1 D:\xampp\htdocs\si-futsal\vendor\codeigniter4\framework\system\Database\BaseConnection.php(670): CodeIgniter\Database\MySQLi\Connection->execute('SELECT *\nFROM `...')
#2 D:\xampp\htdocs\si-futsal\vendor\codeigniter4\framework\system\Database\BaseConnection.php(598): CodeIgniter\Database\BaseConnection->simpleQuery('SELECT *\nFROM `...')
#3 D:\xampp\htdocs\si-futsal\vendor\codeigniter4\framework\system\Database\BaseBuilder.php(1455): CodeIgniter\Database\BaseConnection->query('SELECT *\nFROM `...', Array, false)
#4 D:\xampp\htdocs\si-futsal\app\Models\IdentitasModel.php(54): CodeIgniter\Database\BaseBuilder->get()
#5 D:\xampp\htdocs\si-futsal\app\Controllers\Profil.php(20): App\Models\IdentitasModel->join_profil_a('2')
#6 D:\xampp\htdocs\si-futsal\vendor\codeigniter4\framework\system\CodeIgniter.php(832): App\Controllers\Profil->index()
#7 D:\xampp\htdocs\si-futsal\vendor\codeigniter4\framework\system\CodeIgniter.php(419): CodeIgniter\CodeIgniter->runController(Object(App\Controllers\Profil))
#8 D:\xampp\htdocs\si-futsal\vendor\codeigniter4\framework\system\CodeIgniter.php(326): CodeIgniter\CodeIgniter->handleRequest(NULL, Object(Config\Cache), false)
#9 D:\xampp\htdocs\si-futsal\public\index.php(37): CodeIgniter\CodeIgniter->run()
#10 {main}
ERROR - 2022-05-03 22:41:11 --> Column 'id_users' in where clause is ambiguous
CRITICAL - 2022-05-03 22:41:11 --> Column 'id_users' in where clause is ambiguous
#0 D:\xampp\htdocs\si-futsal\vendor\codeigniter4\framework\system\Database\MySQLi\Connection.php(292): mysqli->query('SELECT *\nFROM `...', 0)
#1 D:\xampp\htdocs\si-futsal\vendor\codeigniter4\framework\system\Database\BaseConnection.php(670): CodeIgniter\Database\MySQLi\Connection->execute('SELECT *\nFROM `...')
#2 D:\xampp\htdocs\si-futsal\vendor\codeigniter4\framework\system\Database\BaseConnection.php(598): CodeIgniter\Database\BaseConnection->simpleQuery('SELECT *\nFROM `...')
#3 D:\xampp\htdocs\si-futsal\vendor\codeigniter4\framework\system\Database\BaseBuilder.php(1455): CodeIgniter\Database\BaseConnection->query('SELECT *\nFROM `...', Array, false)
#4 D:\xampp\htdocs\si-futsal\app\Models\IdentitasModel.php(54): CodeIgniter\Database\BaseBuilder->get()
#5 D:\xampp\htdocs\si-futsal\app\Controllers\Profil.php(20): App\Models\IdentitasModel->join_profil_a('2')
#6 D:\xampp\htdocs\si-futsal\vendor\codeigniter4\framework\system\CodeIgniter.php(832): App\Controllers\Profil->index()
#7 D:\xampp\htdocs\si-futsal\vendor\codeigniter4\framework\system\CodeIgniter.php(419): CodeIgniter\CodeIgniter->runController(Object(App\Controllers\Profil))
#8 D:\xampp\htdocs\si-futsal\vendor\codeigniter4\framework\system\CodeIgniter.php(326): CodeIgniter\CodeIgniter->handleRequest(NULL, Object(Config\Cache), false)
#9 D:\xampp\htdocs\si-futsal\public\index.php(37): CodeIgniter\CodeIgniter->run()
#10 {main}
ERROR - 2022-05-03 22:41:11 --> Column 'id_users' in where clause is ambiguous
CRITICAL - 2022-05-03 22:41:11 --> Column 'id_users' in where clause is ambiguous
#0 D:\xampp\htdocs\si-futsal\vendor\codeigniter4\framework\system\Database\MySQLi\Connection.php(292): mysqli->query('SELECT *\nFROM `...', 0)
#1 D:\xampp\htdocs\si-futsal\vendor\codeigniter4\framework\system\Database\BaseConnection.php(670): CodeIgniter\Database\MySQLi\Connection->execute('SELECT *\nFROM `...')
#2 D:\xampp\htdocs\si-futsal\vendor\codeigniter4\framework\system\Database\BaseConnection.php(598): CodeIgniter\Database\BaseConnection->simpleQuery('SELECT *\nFROM `...')
#3 D:\xampp\htdocs\si-futsal\vendor\codeigniter4\framework\system\Database\BaseBuilder.php(1455): CodeIgniter\Database\BaseConnection->query('SELECT *\nFROM `...', Array, false)
#4 D:\xampp\htdocs\si-futsal\app\Models\IdentitasModel.php(54): CodeIgniter\Database\BaseBuilder->get()
#5 D:\xampp\htdocs\si-futsal\app\Controllers\Profil.php(20): App\Models\IdentitasModel->join_profil_a('2')
#6 D:\xampp\htdocs\si-futsal\vendor\codeigniter4\framework\system\CodeIgniter.php(832): App\Controllers\Profil->index()
#7 D:\xampp\htdocs\si-futsal\vendor\codeigniter4\framework\system\CodeIgniter.php(419): CodeIgniter\CodeIgniter->runController(Object(App\Controllers\Profil))
#8 D:\xampp\htdocs\si-futsal\vendor\codeigniter4\framework\system\CodeIgniter.php(326): CodeIgniter\CodeIgniter->handleRequest(NULL, Object(Config\Cache), false)
#9 D:\xampp\htdocs\si-futsal\public\index.php(37): CodeIgniter\CodeIgniter->run()
#10 {main}
ERROR - 2022-05-03 22:41:11 --> Column 'id_users' in where clause is ambiguous
CRITICAL - 2022-05-03 22:41:11 --> Column 'id_users' in where clause is ambiguous
#0 D:\xampp\htdocs\si-futsal\vendor\codeigniter4\framework\system\Database\MySQLi\Connection.php(292): mysqli->query('SELECT *\nFROM `...', 0)
#1 D:\xampp\htdocs\si-futsal\vendor\codeigniter4\framework\system\Database\BaseConnection.php(670): CodeIgniter\Database\MySQLi\Connection->execute('SELECT *\nFROM `...')
#2 D:\xampp\htdocs\si-futsal\vendor\codeigniter4\framework\system\Database\BaseConnection.php(598): CodeIgniter\Database\BaseConnection->simpleQuery('SELECT *\nFROM `...')
#3 D:\xampp\htdocs\si-futsal\vendor\codeigniter4\framework\system\Database\BaseBuilder.php(1455): CodeIgniter\Database\BaseConnection->query('SELECT *\nFROM `...', Array, false)
#4 D:\xampp\htdocs\si-futsal\app\Models\IdentitasModel.php(54): CodeIgniter\Database\BaseBuilder->get()
#5 D:\xampp\htdocs\si-futsal\app\Controllers\Profil.php(20): App\Models\IdentitasModel->join_profil_a('2')
#6 D:\xampp\htdocs\si-futsal\vendor\codeigniter4\framework\system\CodeIgniter.php(832): App\Controllers\Profil->index()
#7 D:\xampp\htdocs\si-futsal\vendor\codeigniter4\framework\system\CodeIgniter.php(419): CodeIgniter\CodeIgniter->runController(Object(App\Controllers\Profil))
#8 D:\xampp\htdocs\si-futsal\vendor\codeigniter4\framework\system\CodeIgniter.php(326): CodeIgniter\CodeIgniter->handleRequest(NULL, Object(Config\Cache), false)
#9 D:\xampp\htdocs\si-futsal\public\index.php(37): CodeIgniter\CodeIgniter->run()
#10 {main}
ERROR - 2022-05-03 22:41:26 --> Unknown column 'id_userss' in 'where clause'
CRITICAL - 2022-05-03 22:41:26 --> Unknown column 'id_userss' in 'where clause'
#0 D:\xampp\htdocs\si-futsal\vendor\codeigniter4\framework\system\Database\MySQLi\Connection.php(292): mysqli->query('SELECT *\nFROM `...', 0)
#1 D:\xampp\htdocs\si-futsal\vendor\codeigniter4\framework\system\Database\BaseConnection.php(670): CodeIgniter\Database\MySQLi\Connection->execute('SELECT *\nFROM `...')
#2 D:\xampp\htdocs\si-futsal\vendor\codeigniter4\framework\system\Database\BaseConnection.php(598): CodeIgniter\Database\BaseConnection->simpleQuery('SELECT *\nFROM `...')
#3 D:\xampp\htdocs\si-futsal\vendor\codeigniter4\framework\system\Database\BaseBuilder.php(1455): CodeIgniter\Database\BaseConnection->query('SELECT *\nFROM `...', Array, false)
#4 D:\xampp\htdocs\si-futsal\app\Models\IdentitasModel.php(54): CodeIgniter\Database\BaseBuilder->get()
#5 D:\xampp\htdocs\si-futsal\app\Controllers\Profil.php(19): App\Models\IdentitasModel->join_profil_a('2')
#6 D:\xampp\htdocs\si-futsal\vendor\codeigniter4\framework\system\CodeIgniter.php(832): App\Controllers\Profil->index()
#7 D:\xampp\htdocs\si-futsal\vendor\codeigniter4\framework\system\CodeIgniter.php(419): CodeIgniter\CodeIgniter->runController(Object(App\Controllers\Profil))
#8 D:\xampp\htdocs\si-futsal\vendor\codeigniter4\framework\system\CodeIgniter.php(326): CodeIgniter\CodeIgniter->handleRequest(NULL, Object(Config\Cache), false)
#9 D:\xampp\htdocs\si-futsal\public\index.php(37): CodeIgniter\CodeIgniter->run()
#10 {main}
CRITICAL - 2022-05-03 23:35:04 --> Undefined variable: Provinsis
#0 D:\xampp\htdocs\si-futsal\app\Views\v_profil.php(184): CodeIgniter\Debug\Exceptions->errorHandler(8, 'Undefined varia...', 'D:\\xampp\\htdocs...', 184, Array)
#1 D:\xampp\htdocs\si-futsal\vendor\codeigniter4\framework\system\View\View.php(210): include('D:\\xampp\\htdocs...')
#2 D:\xampp\htdocs\si-futsal\vendor\codeigniter4\framework\system\View\View.php(213): CodeIgniter\View\View->CodeIgniter\View\{closure}()
#3 D:\xampp\htdocs\si-futsal\vendor\codeigniter4\framework\system\Common.php(1089): CodeIgniter\View\View->render('v_profil', Array, true)
#4 D:\xampp\htdocs\si-futsal\app\Controllers\Profil.php(32): view('v_profil', Array)
#5 D:\xampp\htdocs\si-futsal\vendor\codeigniter4\framework\system\CodeIgniter.php(832): App\Controllers\Profil->index()
#6 D:\xampp\htdocs\si-futsal\vendor\codeigniter4\framework\system\CodeIgniter.php(419): CodeIgniter\CodeIgniter->runController(Object(App\Controllers\Profil))
#7 D:\xampp\htdocs\si-futsal\vendor\codeigniter4\framework\system\CodeIgniter.php(326): CodeIgniter\CodeIgniter->handleRequest(NULL, Object(Config\Cache), false)
#8 D:\xampp\htdocs\si-futsal\public\index.php(37): CodeIgniter\CodeIgniter->run()
#9 {main}
