CRITICAL - 2022-04-25 09:14:52 --> syntax error, unexpected '';' (T_ENCAPSED_AND_WHITESPACE)
#0 D:\xampp\htdocs\si-futsal\vendor\codeigniter4\framework\system\Autoloader\Autoloader.php(241): CodeIgniter\Autoloader\Autoloader->includeFile('D:\\xampp\\htdocs...')
#1 D:\xampp\htdocs\si-futsal\vendor\codeigniter4\framework\system\Autoloader\Autoloader.php(219): CodeIgniter\Autoloader\Autoloader->loadInNamespace('App\\Controllers...')
#2 [internal function]: CodeIgniter\Autoloader\Autoloader->loadClass('App\\Controllers...')
#3 [internal function]: spl_autoload_call('App\\Controllers...')
#4 D:\xampp\htdocs\si-futsal\vendor\codeigniter4\framework\system\CodeIgniter.php(797): class_exists('\\App\\Controller...', true)
#5 D:\xampp\htdocs\si-futsal\vendor\codeigniter4\framework\system\CodeIgniter.php(406): CodeIgniter\CodeIgniter->startController()
#6 D:\xampp\htdocs\si-futsal\vendor\codeigniter4\framework\system\CodeIgniter.php(326): CodeIgniter\CodeIgniter->handleRequest(NULL, Object(Config\Cache), false)
#7 D:\xampp\htdocs\si-futsal\public\index.php(37): CodeIgniter\CodeIgniter->run()
#8 {main}
CRITICAL - 2022-04-25 10:36:20 --> Undefined offset: 2
#0 D:\xampp\htdocs\si-futsal\app\Controllers\Transaksi.php(359): CodeIgniter\Debug\Exceptions->errorHandler(8, 'Undefined offse...', 'D:\\xampp\\htdocs...', 359, Array)
#1 D:\xampp\htdocs\si-futsal\vendor\codeigniter4\framework\system\CodeIgniter.php(832): App\Controllers\Transaksi->trs_pembayaran('kp')
#2 D:\xampp\htdocs\si-futsal\vendor\codeigniter4\framework\system\CodeIgniter.php(419): CodeIgniter\CodeIgniter->runController(Object(App\Controllers\Transaksi))
#3 D:\xampp\htdocs\si-futsal\vendor\codeigniter4\framework\system\CodeIgniter.php(326): CodeIgniter\CodeIgniter->handleRequest(NULL, Object(Config\Cache), false)
#4 D:\xampp\htdocs\si-futsal\public\index.php(37): CodeIgniter\CodeIgniter->run()
#5 {main}
CRITICAL - 2022-04-25 10:37:37 --> Undefined offset: 2
#0 D:\xampp\htdocs\si-futsal\app\Controllers\Transaksi.php(359): CodeIgniter\Debug\Exceptions->errorHandler(8, 'Undefined offse...', 'D:\\xampp\\htdocs...', 359, Array)
#1 D:\xampp\htdocs\si-futsal\vendor\codeigniter4\framework\system\CodeIgniter.php(832): App\Controllers\Transaksi->trs_pembayaran('kp')
#2 D:\xampp\htdocs\si-futsal\vendor\codeigniter4\framework\system\CodeIgniter.php(419): CodeIgniter\CodeIgniter->runController(Object(App\Controllers\Transaksi))
#3 D:\xampp\htdocs\si-futsal\vendor\codeigniter4\framework\system\CodeIgniter.php(326): CodeIgniter\CodeIgniter->handleRequest(NULL, Object(Config\Cache), false)
#4 D:\xampp\htdocs\si-futsal\public\index.php(37): CodeIgniter\CodeIgniter->run()
#5 {main}
CRITICAL - 2022-04-25 10:38:13 --> Undefined offset: 2
#0 D:\xampp\htdocs\si-futsal\app\Controllers\Transaksi.php(359): CodeIgniter\Debug\Exceptions->errorHandler(8, 'Undefined offse...', 'D:\\xampp\\htdocs...', 359, Array)
#1 D:\xampp\htdocs\si-futsal\vendor\codeigniter4\framework\system\CodeIgniter.php(832): App\Controllers\Transaksi->trs_pembayaran('kp')
#2 D:\xampp\htdocs\si-futsal\vendor\codeigniter4\framework\system\CodeIgniter.php(419): CodeIgniter\CodeIgniter->runController(Object(App\Controllers\Transaksi))
#3 D:\xampp\htdocs\si-futsal\vendor\codeigniter4\framework\system\CodeIgniter.php(326): CodeIgniter\CodeIgniter->handleRequest(NULL, Object(Config\Cache), false)
#4 D:\xampp\htdocs\si-futsal\public\index.php(37): CodeIgniter\CodeIgniter->run()
#5 {main}
CRITICAL - 2022-04-25 10:38:55 --> Undefined offset: 2
#0 D:\xampp\htdocs\si-futsal\app\Controllers\Transaksi.php(359): CodeIgniter\Debug\Exceptions->errorHandler(8, 'Undefined offse...', 'D:\\xampp\\htdocs...', 359, Array)
#1 D:\xampp\htdocs\si-futsal\vendor\codeigniter4\framework\system\CodeIgniter.php(832): App\Controllers\Transaksi->trs_pembayaran('kp', 'a')
#2 D:\xampp\htdocs\si-futsal\vendor\codeigniter4\framework\system\CodeIgniter.php(419): CodeIgniter\CodeIgniter->runController(Object(App\Controllers\Transaksi))
#3 D:\xampp\htdocs\si-futsal\vendor\codeigniter4\framework\system\CodeIgniter.php(326): CodeIgniter\CodeIgniter->handleRequest(NULL, Object(Config\Cache), false)
#4 D:\xampp\htdocs\si-futsal\public\index.php(37): CodeIgniter\CodeIgniter->run()
#5 {main}
CRITICAL - 2022-04-25 10:38:56 --> Undefined offset: 2
#0 D:\xampp\htdocs\si-futsal\app\Controllers\Transaksi.php(359): CodeIgniter\Debug\Exceptions->errorHandler(8, 'Undefined offse...', 'D:\\xampp\\htdocs...', 359, Array)
#1 D:\xampp\htdocs\si-futsal\vendor\codeigniter4\framework\system\CodeIgniter.php(832): App\Controllers\Transaksi->trs_pembayaran('kp', 'a')
#2 D:\xampp\htdocs\si-futsal\vendor\codeigniter4\framework\system\CodeIgniter.php(419): CodeIgniter\CodeIgniter->runController(Object(App\Controllers\Transaksi))
#3 D:\xampp\htdocs\si-futsal\vendor\codeigniter4\framework\system\CodeIgniter.php(326): CodeIgniter\CodeIgniter->handleRequest(NULL, Object(Config\Cache), false)
#4 D:\xampp\htdocs\si-futsal\public\index.php(37): CodeIgniter\CodeIgniter->run()
#5 {main}
CRITICAL - 2022-04-25 10:38:56 --> Undefined offset: 2
#0 D:\xampp\htdocs\si-futsal\app\Controllers\Transaksi.php(359): CodeIgniter\Debug\Exceptions->errorHandler(8, 'Undefined offse...', 'D:\\xampp\\htdocs...', 359, Array)
#1 D:\xampp\htdocs\si-futsal\vendor\codeigniter4\framework\system\CodeIgniter.php(832): App\Controllers\Transaksi->trs_pembayaran('kp', 'a')
#2 D:\xampp\htdocs\si-futsal\vendor\codeigniter4\framework\system\CodeIgniter.php(419): CodeIgniter\CodeIgniter->runController(Object(App\Controllers\Transaksi))
#3 D:\xampp\htdocs\si-futsal\vendor\codeigniter4\framework\system\CodeIgniter.php(326): CodeIgniter\CodeIgniter->handleRequest(NULL, Object(Config\Cache), false)
#4 D:\xampp\htdocs\si-futsal\public\index.php(37): CodeIgniter\CodeIgniter->run()
#5 {main}
CRITICAL - 2022-04-25 10:38:56 --> Undefined offset: 2
#0 D:\xampp\htdocs\si-futsal\app\Controllers\Transaksi.php(359): CodeIgniter\Debug\Exceptions->errorHandler(8, 'Undefined offse...', 'D:\\xampp\\htdocs...', 359, Array)
#1 D:\xampp\htdocs\si-futsal\vendor\codeigniter4\framework\system\CodeIgniter.php(832): App\Controllers\Transaksi->trs_pembayaran('kp', 'a')
#2 D:\xampp\htdocs\si-futsal\vendor\codeigniter4\framework\system\CodeIgniter.php(419): CodeIgniter\CodeIgniter->runController(Object(App\Controllers\Transaksi))
#3 D:\xampp\htdocs\si-futsal\vendor\codeigniter4\framework\system\CodeIgniter.php(326): CodeIgniter\CodeIgniter->handleRequest(NULL, Object(Config\Cache), false)
#4 D:\xampp\htdocs\si-futsal\public\index.php(37): CodeIgniter\CodeIgniter->run()
#5 {main}
CRITICAL - 2022-04-25 10:41:00 --> Undefined offset: 2
#0 D:\xampp\htdocs\si-futsal\app\Controllers\Transaksi.php(359): CodeIgniter\Debug\Exceptions->errorHandler(8, 'Undefined offse...', 'D:\\xampp\\htdocs...', 359, Array)
#1 D:\xampp\htdocs\si-futsal\vendor\codeigniter4\framework\system\CodeIgniter.php(832): App\Controllers\Transaksi->trs_pembayaran('kp', 'a')
#2 D:\xampp\htdocs\si-futsal\vendor\codeigniter4\framework\system\CodeIgniter.php(419): CodeIgniter\CodeIgniter->runController(Object(App\Controllers\Transaksi))
#3 D:\xampp\htdocs\si-futsal\vendor\codeigniter4\framework\system\CodeIgniter.php(326): CodeIgniter\CodeIgniter->handleRequest(NULL, Object(Config\Cache), false)
#4 D:\xampp\htdocs\si-futsal\public\index.php(37): CodeIgniter\CodeIgniter->run()
#5 {main}
CRITICAL - 2022-04-25 13:06:08 --> Undefined variable: session
#0 D:\xampp\htdocs\si-futsal\app\Views\extent\lv2\footer.php(214): CodeIgniter\Debug\Exceptions->errorHandler(8, 'Undefined varia...', 'D:\\xampp\\htdocs...', 214, Array)
#1 D:\xampp\htdocs\si-futsal\vendor\codeigniter4\framework\system\View\View.php(210): include('D:\\xampp\\htdocs...')
#2 D:\xampp\htdocs\si-futsal\vendor\codeigniter4\framework\system\View\View.php(213): CodeIgniter\View\View->CodeIgniter\View\{closure}()
#3 D:\xampp\htdocs\si-futsal\vendor\codeigniter4\framework\system\Common.php(1089): CodeIgniter\View\View->render('extent/lv2/foot...', Array, true)
#4 D:\xampp\htdocs\si-futsal\app\Controllers\Transaksi.php(408): view('extent/lv2/foot...', Array)
#5 D:\xampp\htdocs\si-futsal\vendor\codeigniter4\framework\system\CodeIgniter.php(832): App\Controllers\Transaksi->trs_pembayaran()
#6 D:\xampp\htdocs\si-futsal\vendor\codeigniter4\framework\system\CodeIgniter.php(419): CodeIgniter\CodeIgniter->runController(Object(App\Controllers\Transaksi))
#7 D:\xampp\htdocs\si-futsal\vendor\codeigniter4\framework\system\CodeIgniter.php(326): CodeIgniter\CodeIgniter->handleRequest(NULL, Object(Config\Cache), false)
#8 D:\xampp\htdocs\si-futsal\public\index.php(37): CodeIgniter\CodeIgniter->run()
#9 {main}
CRITICAL - 2022-04-25 13:06:32 --> Undefined variable: session
#0 D:\xampp\htdocs\si-futsal\app\Views\extent\lv2\footer.php(214): CodeIgniter\Debug\Exceptions->errorHandler(8, 'Undefined varia...', 'D:\\xampp\\htdocs...', 214, Array)
#1 D:\xampp\htdocs\si-futsal\vendor\codeigniter4\framework\system\View\View.php(210): include('D:\\xampp\\htdocs...')
#2 D:\xampp\htdocs\si-futsal\vendor\codeigniter4\framework\system\View\View.php(213): CodeIgniter\View\View->CodeIgniter\View\{closure}()
#3 D:\xampp\htdocs\si-futsal\vendor\codeigniter4\framework\system\Common.php(1089): CodeIgniter\View\View->render('extent/lv2/foot...', Array, true)
#4 D:\xampp\htdocs\si-futsal\app\Controllers\Transaksi.php(408): view('extent/lv2/foot...', Array)
#5 D:\xampp\htdocs\si-futsal\vendor\codeigniter4\framework\system\CodeIgniter.php(832): App\Controllers\Transaksi->trs_pembayaran()
#6 D:\xampp\htdocs\si-futsal\vendor\codeigniter4\framework\system\CodeIgniter.php(419): CodeIgniter\CodeIgniter->runController(Object(App\Controllers\Transaksi))
#7 D:\xampp\htdocs\si-futsal\vendor\codeigniter4\framework\system\CodeIgniter.php(326): CodeIgniter\CodeIgniter->handleRequest(NULL, Object(Config\Cache), false)
#8 D:\xampp\htdocs\si-futsal\public\index.php(37): CodeIgniter\CodeIgniter->run()
#9 {main}
CRITICAL - 2022-04-25 13:06:41 --> Undefined variable: session
#0 D:\xampp\htdocs\si-futsal\app\Views\extent\lv2\footer.php(214): CodeIgniter\Debug\Exceptions->errorHandler(8, 'Undefined varia...', 'D:\\xampp\\htdocs...', 214, Array)
#1 D:\xampp\htdocs\si-futsal\vendor\codeigniter4\framework\system\View\View.php(210): include('D:\\xampp\\htdocs...')
#2 D:\xampp\htdocs\si-futsal\vendor\codeigniter4\framework\system\View\View.php(213): CodeIgniter\View\View->CodeIgniter\View\{closure}()
#3 D:\xampp\htdocs\si-futsal\vendor\codeigniter4\framework\system\Common.php(1089): CodeIgniter\View\View->render('extent/lv2/foot...', Array, true)
#4 D:\xampp\htdocs\si-futsal\app\Controllers\Transaksi.php(408): view('extent/lv2/foot...', Array)
#5 D:\xampp\htdocs\si-futsal\vendor\codeigniter4\framework\system\CodeIgniter.php(832): App\Controllers\Transaksi->trs_pembayaran()
#6 D:\xampp\htdocs\si-futsal\vendor\codeigniter4\framework\system\CodeIgniter.php(419): CodeIgniter\CodeIgniter->runController(Object(App\Controllers\Transaksi))
#7 D:\xampp\htdocs\si-futsal\vendor\codeigniter4\framework\system\CodeIgniter.php(326): CodeIgniter\CodeIgniter->handleRequest(NULL, Object(Config\Cache), false)
#8 D:\xampp\htdocs\si-futsal\public\index.php(37): CodeIgniter\CodeIgniter->run()
#9 {main}
CRITICAL - 2022-04-25 13:06:41 --> Undefined variable: session
#0 D:\xampp\htdocs\si-futsal\app\Views\extent\lv2\footer.php(214): CodeIgniter\Debug\Exceptions->errorHandler(8, 'Undefined varia...', 'D:\\xampp\\htdocs...', 214, Array)
#1 D:\xampp\htdocs\si-futsal\vendor\codeigniter4\framework\system\View\View.php(210): include('D:\\xampp\\htdocs...')
#2 D:\xampp\htdocs\si-futsal\vendor\codeigniter4\framework\system\View\View.php(213): CodeIgniter\View\View->CodeIgniter\View\{closure}()
#3 D:\xampp\htdocs\si-futsal\vendor\codeigniter4\framework\system\Common.php(1089): CodeIgniter\View\View->render('extent/lv2/foot...', Array, true)
#4 D:\xampp\htdocs\si-futsal\app\Controllers\Transaksi.php(408): view('extent/lv2/foot...', Array)
#5 D:\xampp\htdocs\si-futsal\vendor\codeigniter4\framework\system\CodeIgniter.php(832): App\Controllers\Transaksi->trs_pembayaran()
#6 D:\xampp\htdocs\si-futsal\vendor\codeigniter4\framework\system\CodeIgniter.php(419): CodeIgniter\CodeIgniter->runController(Object(App\Controllers\Transaksi))
#7 D:\xampp\htdocs\si-futsal\vendor\codeigniter4\framework\system\CodeIgniter.php(326): CodeIgniter\CodeIgniter->handleRequest(NULL, Object(Config\Cache), false)
#8 D:\xampp\htdocs\si-futsal\public\index.php(37): CodeIgniter\CodeIgniter->run()
#9 {main}
CRITICAL - 2022-04-25 13:28:59 --> Undefined variable: session
#0 D:\xampp\htdocs\si-futsal\app\Views\extent\lv2\footer.php(223): CodeIgniter\Debug\Exceptions->errorHandler(8, 'Undefined varia...', 'D:\\xampp\\htdocs...', 223, Array)
#1 D:\xampp\htdocs\si-futsal\vendor\codeigniter4\framework\system\View\View.php(210): include('D:\\xampp\\htdocs...')
#2 D:\xampp\htdocs\si-futsal\vendor\codeigniter4\framework\system\View\View.php(213): CodeIgniter\View\View->CodeIgniter\View\{closure}()
#3 D:\xampp\htdocs\si-futsal\vendor\codeigniter4\framework\system\Common.php(1089): CodeIgniter\View\View->render('extent/lv2/foot...', Array, true)
#4 D:\xampp\htdocs\si-futsal\app\Controllers\Transaksi.php(408): view('extent/lv2/foot...', Array)
#5 D:\xampp\htdocs\si-futsal\vendor\codeigniter4\framework\system\CodeIgniter.php(832): App\Controllers\Transaksi->trs_pembayaran()
#6 D:\xampp\htdocs\si-futsal\vendor\codeigniter4\framework\system\CodeIgniter.php(419): CodeIgniter\CodeIgniter->runController(Object(App\Controllers\Transaksi))
#7 D:\xampp\htdocs\si-futsal\vendor\codeigniter4\framework\system\CodeIgniter.php(326): CodeIgniter\CodeIgniter->handleRequest(NULL, Object(Config\Cache), false)
#8 D:\xampp\htdocs\si-futsal\public\index.php(37): CodeIgniter\CodeIgniter->run()
#9 {main}
CRITICAL - 2022-04-25 13:29:00 --> Undefined variable: session
#0 D:\xampp\htdocs\si-futsal\app\Views\extent\lv2\footer.php(223): CodeIgniter\Debug\Exceptions->errorHandler(8, 'Undefined varia...', 'D:\\xampp\\htdocs...', 223, Array)
#1 D:\xampp\htdocs\si-futsal\vendor\codeigniter4\framework\system\View\View.php(210): include('D:\\xampp\\htdocs...')
#2 D:\xampp\htdocs\si-futsal\vendor\codeigniter4\framework\system\View\View.php(213): CodeIgniter\View\View->CodeIgniter\View\{closure}()
#3 D:\xampp\htdocs\si-futsal\vendor\codeigniter4\framework\system\Common.php(1089): CodeIgniter\View\View->render('extent/lv2/foot...', Array, true)
#4 D:\xampp\htdocs\si-futsal\app\Controllers\Transaksi.php(408): view('extent/lv2/foot...', Array)
#5 D:\xampp\htdocs\si-futsal\vendor\codeigniter4\framework\system\CodeIgniter.php(832): App\Controllers\Transaksi->trs_pembayaran()
#6 D:\xampp\htdocs\si-futsal\vendor\codeigniter4\framework\system\CodeIgniter.php(419): CodeIgniter\CodeIgniter->runController(Object(App\Controllers\Transaksi))
#7 D:\xampp\htdocs\si-futsal\vendor\codeigniter4\framework\system\CodeIgniter.php(326): CodeIgniter\CodeIgniter->handleRequest(NULL, Object(Config\Cache), false)
#8 D:\xampp\htdocs\si-futsal\public\index.php(37): CodeIgniter\CodeIgniter->run()
#9 {main}
CRITICAL - 2022-04-25 13:41:00 --> Undefined variable: config
#0 D:\xampp\htdocs\si-futsal\app\Controllers\Transaksi.php(9): CodeIgniter\Debug\Exceptions->errorHandler(8, 'Undefined varia...', 'D:\\xampp\\htdocs...', 9, Array)
#1 D:\xampp\htdocs\si-futsal\vendor\codeigniter4\framework\system\Autoloader\Autoloader.php(264): include_once('D:\\xampp\\htdocs...')
#2 D:\xampp\htdocs\si-futsal\vendor\codeigniter4\framework\system\Autoloader\Autoloader.php(241): CodeIgniter\Autoloader\Autoloader->includeFile('D:\\xampp\\htdocs...')
#3 D:\xampp\htdocs\si-futsal\vendor\codeigniter4\framework\system\Autoloader\Autoloader.php(219): CodeIgniter\Autoloader\Autoloader->loadInNamespace('App\\Controllers...')
#4 [internal function]: CodeIgniter\Autoloader\Autoloader->loadClass('App\\Controllers...')
#5 [internal function]: spl_autoload_call('App\\Controllers...')
#6 D:\xampp\htdocs\si-futsal\vendor\codeigniter4\framework\system\CodeIgniter.php(797): class_exists('\\App\\Controller...', true)
#7 D:\xampp\htdocs\si-futsal\vendor\codeigniter4\framework\system\CodeIgniter.php(406): CodeIgniter\CodeIgniter->startController()
#8 D:\xampp\htdocs\si-futsal\vendor\codeigniter4\framework\system\CodeIgniter.php(326): CodeIgniter\CodeIgniter->handleRequest(NULL, Object(Config\Cache), false)
#9 D:\xampp\htdocs\si-futsal\public\index.php(37): CodeIgniter\CodeIgniter->run()
#10 {main}
CRITICAL - 2022-04-25 15:08:31 --> Trying to get property 'booking_TOKEN' of non-object
#0 D:\xampp\htdocs\si-futsal\app\Controllers\Transaksi.php(575): CodeIgniter\Debug\Exceptions->errorHandler(8, 'Trying to get p...', 'D:\\xampp\\htdocs...', 575, Array)
#1 D:\xampp\htdocs\si-futsal\vendor\codeigniter4\framework\system\CodeIgniter.php(832): App\Controllers\Transaksi->ajax_tkn_pembayaran()
#2 D:\xampp\htdocs\si-futsal\vendor\codeigniter4\framework\system\CodeIgniter.php(419): CodeIgniter\CodeIgniter->runController(Object(App\Controllers\Transaksi))
#3 D:\xampp\htdocs\si-futsal\vendor\codeigniter4\framework\system\CodeIgniter.php(326): CodeIgniter\CodeIgniter->handleRequest(NULL, Object(Config\Cache), false)
#4 D:\xampp\htdocs\si-futsal\public\index.php(37): CodeIgniter\CodeIgniter->run()
#5 {main}
